C51 COMPILER V9.56.0.0   MAIN                                                              09/07/2020 22:21:32 PAGE 1   


C51 COMPILER V9.56.0.0, COMPILATION OF MODULE MAIN
OBJECT MODULE PLACED IN ..\Output\main.obj
COMPILER INVOKED BY: E:\keil5\C51\BIN\C51.EXE ..\User\main.c OMF2 OPTIMIZE(8,SPEED) BROWSE INCDIR(..\FWLib\SC95F8x1x_Lib
                    -\inc;..\User) DEBUG PRINT(..\List\main.lst) OBJECT(..\Output\main.obj)

line level    source

   1          //************************************************************
   2          //  Copyright (c) 深圳市赛元微电子有限公司
   3          //      文件名称        : main.c
   4          //      模块功能        : 主函数
   5          //  说明        : 包含MCU初始化函数及其头文件
   6          //************************************************************
   7          /********************Includes************************************************************************/
   8          
   9          
  10          /********************Includes************************************************************************/
  11          #include "SC_Init.h"    //MCU初始化头文件，包含固件库所有头文件
  12          #include "SC_it.h"
  13          #include "..\Drivers\SCDriver_List.h"
  14          #include "HeadFiles\CustomType.h"
  15          #include "HeadFiles\UserExport.h"
  16          #include "HeadFiles\FunctionType.h"
  17          /*<UserCodeStart>*/
  18          /*<UserCodeEnd>*/
  19          
  20          /*********<GlobalVariables>**************************************************************************/                  
  21          /*********<GlobalVariablesAnnounceBegin>**************************************/
  22          /*********<GlobalVariablesAnnounceEnd>****************************************/
  23          /*<UserCodeStart>*/
  24          /*<UserCodeEnd>*/
  25          
  26          /*********<GlobalFunctions>**************************************************************************/                  
  27          /*********<GlobalFunctionsAnnounceBegin>**************************************/
  28          /*********<GlobalFunctionsAnnounceEnd>****************************************/
  29          /*<UserCodeStart>*/
  30          /*<UserCodeEnd>*/
  31          
  32          /****************Pragma directive********************************************************************/
  33          /*<UserCodeStart>*/
  34          /*<UserCodeEnd>*/
  35          
  36          /*********<GlobalVariables>**************************************************************************/                  
  37          /*********<GlobalVariablesDefineBegin>**************************************/
  38          /*********<GlobalVariablesDefineEnd>****************************************/
  39          /*<UserCodeStart>*/
  40          /*<UserCodeEnd>*/
  41          
  42          
  43          /*********<GlobalFunctions>**************************************************************************/                  
  44          /*********<GlobalFunctionsDefineBegin>**************************************/
  45          /*********<GlobalFunctionsDefineEnd>****************************************/
  46          /*********<GlobalFunctionsRealizeBegin>**************************************/
  47          /*********<GlobalFunctionsRealizeEnd>****************************************/
  48          /*<UserCodeStart>*/
  49          #include "EC06_key.h"
  50          #include "BM8563.h"
  51          #include "operation.h"
  52          /*<UserCodeEnd>*/
  53          
  54          
C51 COMPILER V9.56.0.0   MAIN                                                              09/07/2020 22:21:32 PAGE 2   

  55          /*****************************************************************************************************
  56          * Function Name: main
  57          * Description  : This function implements main function.
  58          * Arguments    : None
  59          * Return Value : None
  60          ******************************************************************************************************/
  61          void main(void)
  62          {       
  63   1      /*** MCU初始化函数 ***/
  64   1          SC_Init();
  65   1      /*<UserCodeStart>*/
  66   1              BM8563_init();  
  67   1      //      Encoder_EC11_Init(1);           //按键扫描是否需要循环初始化
  68   1              while(1)
  69   1              {
  70   2                              
  71   2                      P50 = 1;//      
  72   2                      MainFuction();
  73   2      
  74   2              }
  75   1      /*<UserCodeEnd>*/
  76   1      
  77   1      
  78   1          
  79   1          
  80   1      }


MODULE INFORMATION:   STATIC OVERLAYABLE
   CODE SIZE        =     13    ----
   CONSTANT SIZE    =   ----    ----
   XDATA SIZE       =   ----    ----
   PDATA SIZE       =   ----    ----
   DATA SIZE        =     11    ----
   IDATA SIZE       =   ----    ----
   BIT SIZE         =   ----    ----
   EDATA SIZE       =   ----    ----
   HDATA SIZE       =   ----    ----
   XDATA CONST SIZE =   ----    ----
   FAR CONST SIZE   =   ----    ----
END OF MODULE INFORMATION.


C51 COMPILATION COMPLETE.  0 WARNING(S),  0 ERROR(S)
