C51 COMPILER V9.56.0.0   SC95F8X1X_TIMER2                                                  09/07/2020 22:21:35 PAGE 1   


C51 COMPILER V9.56.0.0, COMPILATION OF MODULE SC95F8X1X_TIMER2
OBJECT MODULE PLACED IN ..\Output\sc95f8x1x_timer2.obj
COMPILER INVOKED BY: E:\keil5\C51\BIN\C51.EXE ..\FWLib\SC95F8x1x_Lib\src\sc95f8x1x_timer2.c OMF2 OPTIMIZE(8,SPEED) BROWS
                    -E INCDIR(..\FWLib\SC95F8x1x_Lib\inc;..\User) DEBUG PRINT(..\List\sc95f8x1x_timer2.lst) OBJECT(..\Output\sc95f8x1x_timer2
                    -.obj)

line level    source

   1          //************************************************************
   2          //  Copyright (c) 深圳市赛元微电子有限公司
   3          //      文件名称        : sc95f8x1x_timerx.c
   4          //      作者            : 
   5          //      模块功能        : TIMER2固件库函数C文件
   6          //      局部函数列表:
   7          //  最后更正日期: 2020/04/16
   8          //      版本            : V1.0 
   9          //  说明        ：  
  10          //*************************************************************
  11          
  12          #include "sc95f8x1x_timer2.h"
  13          
  14          /**************************************************
  15          *函数名称：void TIM2_DeInit(void)
  16          *函数功能：TIMER2
  17          *入口参数：void
  18          *出口参数：void
  19          **************************************************/
  20          void TIM2_DeInit()
  21          {
  22   1              TXINX = 0x02;    //TIMER2选择
  23   1              TXCON = 0X00;
  24   1              TXMOD = 0X00;
  25   1              RCAPXH = 0X00;
  26   1              RCAPXL = 0X00;
  27   1              THX = 0X00;
  28   1              TLX = 0X00;
  29   1              IE1 &= 0X3F;
  30   1              IP1 &= 0X3F;
  31   1              ET2 = 0;
  32   1              IPT2 = 0;
  33   1      }
  34          
  35          /**************************************************
  36          *函数名称：void TIM2_PrescalerSelection(TIM2_PresSel_TypeDef TIM2_PrescalerSelection)
  37          *函数功能：TIMER2 预分频选择
  38          *入口参数：TIM2_PrescalerSelection      预分频选择
  39          *出口参数：void
  40          **************************************************/
  41          void TIM2_PrescalerSelection(TIM2_PresSel_TypeDef TIM2_PrescalerSelection)
  42          {
  43   1              TXINX = 0x02;
  44   1              if(TIM2_PrescalerSelection == TIM2_PRESSEL_FSYS_D12)
  45   1              {
  46   2                      TXMOD &= 0X7F;
  47   2              }
  48   1              else if(TIM2_PrescalerSelection == TIM2_PRESSEL_FSYS_D1)
  49   1              {
  50   2                      TXMOD |= 0X80;
  51   2              }       
  52   1      }
  53          
C51 COMPILER V9.56.0.0   SC95F8X1X_TIMER2                                                  09/07/2020 22:21:35 PAGE 2   

  54          /**************************************************
  55          *函数名称：void TIM2_TimeBaseInit(TIM2_CountMode_TypeDef TIM2_CountMode, TIM2_CountDirection_TypeDef TIM2_
             -CountDirection)
  56          *函数功能：TIM2基本设置配置函数
  57          *入口参数：
  58                             TIM2_CountMode                       计数/定时模式选择
  59                             TIM2_CountDirection          计数方向选择
  60          *出口参数：void
  61          **************************************************/
  62          void TIM2_TimeBaseInit(TIM2_CountMode_TypeDef TIM2_CountMode, TIM2_CountDirection_TypeDef TIM2_CountDirect
             -ion)
  63          {       
  64   1              TXINX = 0x02;
  65   1              if(TIM2_CountMode == TIM2_MODE_TIMER)
  66   1              {
  67   2                      TXCON &= 0XFD;
  68   2              }
  69   1              else if(TIM2_CountMode == TIM2_MODE_COUNTER)
  70   1              {
  71   2                      TXCON |= 0X02;
  72   2              }
  73   1      /************************************************************/
  74   1              if(TIM2_CountDirection == TIM2_COUNTDIRECTION_UP)
  75   1              {
  76   2                      TXMOD &= 0XFE;
  77   2              }
  78   1              else if(TIM2_CountDirection == TIM2_COUNTDIRECTION_DOWN_UP)
  79   1              {
  80   2                      TXMOD |= 0X01;
  81   2              }                       
  82   1      }
  83          
  84          /**************************************************
  85          *函数名称：void TIM2_WorkMode0Config(uint16_t TIM2_SetCounter)
  86          *函数功能：TIMER2工作模式0配置函数
  87          *入口参数：uint16_t TIM2_SetCounter     配置计数初值
  88          *出口参数：void
  89          **************************************************/
  90          void TIM2_WorkMode0Config(uint16_t TIM2_SetCounter)
  91          {
  92   1              TXINX = 0x02;
  93   1              TXCON = 0x0D;
  94   1      
  95   1              TLX = TIM2_SetCounter % 256;
  96   1              THX = TIM2_SetCounter / 256;    
  97   1      }
  98          
  99          /**************************************************
 100          *函数名称：void TIM2_WorkMode1Config(uint16_t TIM2_SetCounter)
 101          *函数功能：TIMER2工作模式1配置函数
 102          *入口参数：uint16_t TIM2_SetCounter     配置计数初值
 103          *出口参数：void
 104          **************************************************/
 105          void TIM2_WorkMode1Config(uint16_t TIM2_SetCounter)
 106          {       
 107   1              TXINX = 0x02;
 108   1              RCAPXL = TIM2_SetCounter % 256;
 109   1              RCAPXH = TIM2_SetCounter / 256;
 110   1      
 111   1              TLX = RCAPXL;
 112   1              THX = RCAPXH;
 113   1      }
C51 COMPILER V9.56.0.0   SC95F8X1X_TIMER2                                                  09/07/2020 22:21:35 PAGE 3   

 114          
 115          /**************************************************
 116          *函数名称：void TIM2_WorkMode3Config(uint16_t TIM2_SetCounter)
 117          *函数功能：TIMER2工作模式3配置函数
 118          *入口参数：uint16_t TIM2_SetCounter             配置计数初值
 119          *出口参数：void
 120          **************************************************/
 121          void TIM2_WorkMode3Config(uint16_t TIM2_SetCounter)
 122          {
 123   1              TXINX = 0x02;
 124   1              RCAPXL = TIM2_SetCounter % 256;
 125   1              RCAPXH = TIM2_SetCounter / 256;
 126   1              TXMOD |= 0X02;                  
 127   1      }
 128          /**************************************************
 129          *函数名称：void TIM2_WorkModeConfig(TIM2_WorkMode_TypeDef TIM2_WorkMode, uint16_t TIM2_SetCounter)
 130          *函数功能：TIMER2工作模式配置函数
 131          *入口参数：TIM2_WorkMode_TypeDef TIM2_WorkMode  TIMER2工作模式选择
 132                             uint16_t TIM2_SetCounter                     TIMER2计数初值配置      
 133          *出口参数：void
 134          **************************************************/
 135          void TIM2_WorkModeConfig(TIM2_WorkMode_TypeDef TIM2_WorkMode, uint16_t TIM2_SetCounter)
 136          {       
 137   1              switch (TIM2_WorkMode)
 138   1              {
 139   2                      case TIM2_WORK_MODE0:
 140   2                              TIM2_WorkMode0Config(TIM2_SetCounter);
 141   2                      break;
 142   2      
 143   2                      case TIM2_WORK_MODE1:
 144   2                              TIM2_WorkMode1Config(TIM2_SetCounter);
 145   2                      break;
 146   2      
 147   2                      case TIM2_WORK_MODE3:
 148   2                              TIM2_WorkMode3Config(TIM2_SetCounter);
 149   2                      break;
 150   2      
 151   2                      default:
 152   2                      break;
 153   2              }               
 154   1      }
 155          /*****************************************************
 156          *函数名称：void TIM2_SetEXEN2(FunctionalState NewState)
 157          *函数功能：TIMER2_EXEN2配置函数
 158          *入口参数：FunctionalState NewState             EXEN2使能选择
 159          *出口参数：void
 160          *****************************************************/
 161          void TIM2_SetEXEN2(FunctionalState NewState)
 162          {
 163   1              TXINX = 0x02;
 164   1              if (NewState == DISABLE)
 165   1          {
 166   2             EXENX = 0;
 167   2          }
 168   1          else
 169   1          {
 170   2             EXENX = 1;
 171   2          }
 172   1      }
 173          
 174          /*****************************************************
 175          *函数名称：void TIM2_Cmd(FunctionalState NewState)
C51 COMPILER V9.56.0.0   SC95F8X1X_TIMER2                                                  09/07/2020 22:21:35 PAGE 4   

 176          *函数功能：TIMER2功能开关函数
 177          *入口参数：NewState     功能启动/关闭选择
 178          *出口参数：void
 179          *****************************************************/
 180          void TIM2_Cmd(FunctionalState NewState)
 181          {
 182   1              TXINX = 0x02;
 183   1              if (NewState == DISABLE)
 184   1          {
 185   2             TRX = 0;
 186   2          }
 187   1          else
 188   1          {
 189   2             TRX = 1;
 190   2          }
 191   1      }
 192          
 193          /*****************************************************
 194          *函数名称：void TIM2_ITConfig(FunctionalState NewState, PriorityStatus Priority)
 195          *函数功能：TIMER2
 196          *入口参数：NewState     中断使能/关闭选择
 197                             Priority     中断优先级选择
 198          *出口参数：void
 199          *****************************************************/
 200          void TIM2_ITConfig(FunctionalState NewState, PriorityStatus Priority)
 201          {
 202   1              TXINX = 0x02;
 203   1              if(NewState == DISABLE)
 204   1              {
 205   2                      ET2 = 0;
 206   2              }
 207   1              else
 208   1              {
 209   2                      ET2 = 1;
 210   2              }
 211   1              if(Priority == LOW)
 212   1              {
 213   2                      IPT2 = 0;
 214   2              }
 215   1              else
 216   1              {
 217   2                      IPT2 = 1;
 218   2              }
 219   1      }
 220          
 221          /*****************************************************
 222          *函数名称：FlagStatus TIM2_GetFlagStatus(void)
 223          *函数功能：获得TIMER2中断标志状态
 224          *入口参数：TIM2_Flag            TIMER2标志选择
 225          *出口参数：FlagStatus       TIMER2中断标志状态  
 226          *****************************************************/
 227          FlagStatus TIM2_GetFlagStatus(TIM2_Flag_TypeDef TIM2_Flag)
 228          {       
 229   1              FlagStatus status = RESET;
 230   1              TXINX = 0x02;
 231   1              if((TIM2_Flag & TXCON) != (uint8_t)RESET)
 232   1              {
 233   2                      status = SET;                   
 234   2              }
 235   1              else
 236   1              {
 237   2                      status = RESET; 
C51 COMPILER V9.56.0.0   SC95F8X1X_TIMER2                                                  09/07/2020 22:21:35 PAGE 5   

 238   2              }
 239   1              return status;  
 240   1      }
 241          
 242          /*****************************************************
 243          *函数名称：void TIMX_ClearFlag(void)
 244          *函数功能：清除TIMER2中断标志状态
 245          *入口参数：TIM2_Flag   TIMER2标志选择
 246          *出口参数：void 
 247          *****************************************************/
 248          void TIM2_ClearFlag(TIM2_Flag_TypeDef TIM2_Flag)
 249          {
 250   1              TXINX = 0x02;
 251   1              TXCON &= (~TIM2_Flag);
 252   1      }
 253          
 254          /******************* (C) COPYRIGHT 2020 SinOne Microelectronics *****END OF FILE****/


MODULE INFORMATION:   STATIC OVERLAYABLE
   CODE SIZE        =    222    ----
   CONSTANT SIZE    =   ----    ----
   XDATA SIZE       =   ----    ----
   PDATA SIZE       =   ----    ----
   DATA SIZE        =   ----    ----
   IDATA SIZE       =   ----    ----
   BIT SIZE         =   ----    ----
   EDATA SIZE       =   ----    ----
   HDATA SIZE       =   ----    ----
   XDATA CONST SIZE =   ----    ----
   FAR CONST SIZE   =   ----    ----
END OF MODULE INFORMATION.


C51 COMPILATION COMPLETE.  0 WARNING(S),  0 ERROR(S)
